For /nfs/homes/ecarbona/francinette/tests/printf/printfTester/tests/s_test.cpp:
36: 	TEST(10, print(" NULL %s NULL ", NULL));

For /nfs/homes/ecarbona/francinette/tests/printf/printfTester/tests/p_test.cpp:
33: 	TEST(9, print(" %p %p ", 0, 0));

For /nfs/homes/ecarbona/francinette/tests/printf/printfTester/tests/d_test.cpp:
25: 	TEST(1, print(" %d ", 0));
26: 	TEST(2, print(" %d ", -1));
37: 	TEST(13, print(" %d ", -9));
38: 	TEST(14, print(" %d ", -10));
39: 	TEST(15, print(" %d ", -11));
40: 	TEST(16, print(" %d ", -14));
41: 	TEST(17, print(" %d ", -15));
42: 	TEST(18, print(" %d ", -16));
43: 	TEST(19, print(" %d ", -99));
44: 	TEST(20, print(" %d ", -100));
45: 	TEST(21, print(" %d ", -101));
47: 	TEST(23, print(" %d ", INT_MIN));
48: 	TEST(24, print(" %d ", LONG_MAX));
49: 	TEST(25, print(" %d ", LONG_MIN));
50: 	TEST(26, print(" %d ", UINT_MAX));
51: 	TEST(27, print(" %d ", ULONG_MAX));
52: 	TEST(28, print(" %d ", 9223372036854775807LL));
53: 	TEST(29, print(" %d %d %d %d %d %d %d", INT_MAX, INT_MIN, LONG_MAX, LONG_MIN, ULONG_MAX, 0, -42));

For /nfs/homes/ecarbona/francinette/tests/printf/printfTester/tests/i_test.cpp:
25: 	TEST(1, print(" %i ", 0));
26: 	TEST(2, print(" %i ", -1));
37: 	TEST(13, print(" %i ", -9));
38: 	TEST(14, print(" %i ", -10));
39: 	TEST(15, print(" %i ", -11));
40: 	TEST(16, print(" %i ", -14));
41: 	TEST(17, print(" %i ", -15));
42: 	TEST(18, print(" %i ", -16));
43: 	TEST(19, print(" %i ", -99));
44: 	TEST(20, print(" %i ", -100));
45: 	TEST(21, print(" %i ", -101));
47: 	TEST(23, print(" %i ", INT_MIN));
48: 	TEST(24, print(" %i ", LONG_MAX));
49: 	TEST(25, print(" %i ", LONG_MIN));
50: 	TEST(26, print(" %i ", UINT_MAX));
51: 	TEST(27, print(" %i ", ULONG_MAX));
52: 	TEST(28, print(" %i ", 9223372036854775807LL));
53: 	TEST(29, print(" %i %i %i %i %i %i %i", INT_MAX, INT_MIN, LONG_MAX, LONG_MIN, ULONG_MAX, 0, -42));

For /nfs/homes/ecarbona/francinette/tests/printf/printfTester/tests/u_test.cpp:
25: 	TEST(1, print(" %u ", 0));
49: 	TEST(25, print(" %u ", LONG_MIN));
53: 	TEST(29, print(" %u %u %u %u %u %u %u", INT_MAX, INT_MIN, LONG_MAX, LONG_MIN, ULONG_MAX, 0, -42));

For /nfs/homes/ecarbona/francinette/tests/printf/printfTester/tests/x_test.cpp:
25: 	TEST(1, print(" %x ", 0));
49: 	TEST(25, print(" %x ", LONG_MIN));
53: 	TEST(29, print(" %x %x %x %x %x %x %x", INT_MAX, INT_MIN, LONG_MAX, LONG_MIN, ULONG_MAX, 0, -42));

For /nfs/homes/ecarbona/francinette/tests/printf/printfTester/tests/upperx_test.cpp:
25: 	TEST(1, print(" %X ", 0));
49: 	TEST(25, print(" %X ", LONG_MIN));
53: 	TEST(29, print(" %X %X %X %X %X %X %X", INT_MAX, INT_MIN, LONG_MAX, LONG_MIN, ULONG_MAX, 0, -42));

For /nfs/homes/ecarbona/francinette/tests/printf/printfTester/tests/mix_test.cpp:
25: 	TEST(1, print("%%%c%%%s%%%d%%%i%%%u%%%x%%%X%%%% %%%c%%%s%%%d%%%i%%%u%%%x%%%X%%%% %%%c%%%s%%%d%%%i%%%u%%%x%%%X%%%% %c%%", 'A', "42", 42, 42 ,42 , 42, 42, 'B', "-42", -42, -42 ,-42 ,-42, 42, 'C', "0", 0, 0 ,0 ,0, 42, 0));

